<?xml version="1.0" encoding="UTF-8"?>
<!-- Generated by org.testng.reporters.JUnitXMLReporter -->
<testsuite ignored="0" hostname="LAPTOP-3QQ5MNB4" failures="0" tests="1" name="Default test" time="5.594" errors="0" timestamp="2023-02-09T13:16:01 IST">
  <testcase classname="com.RingPay.TestScripts.RingPayTestScripts" name="@BeforeTest Before" time="5.541">
    <skipped/>
  </testcase> <!-- @BeforeTest Before -->
  <testcase classname="com.RingPay.TestScripts.RingPayTestScripts" name="feedBackMechanism" time="0.0">
    <skipped/>
  </testcase> <!-- feedBackMechanism -->
</testsuite> <!-- Default test -->
